[traceId:,span_id:] 2020-02-20 13:22:02.438 [main] [INFO ] com.drcnet.mc.bigdata.bmap.POITest - Starting POITest on tengchaos-MacBook-Pro.local with PID 77131 (started by tengchao in /Users/tengchao/workspace/ideaProject/git/dataClean)
[traceId:,span_id:] 2020-02-20 13:22:02.470 [main] [DEBUG] com.drcnet.mc.bigdata.bmap.POITest - Running with Spring Boot v2.0.8.RELEASE, Spring v5.0.12.RELEASE
[traceId:,span_id:] 2020-02-20 13:22:02.483 [main] [INFO ] com.drcnet.mc.bigdata.bmap.POITest - No active profile set, falling back to default profiles: default
[traceId:,span_id:] 2020-02-20 13:22:02.699 [main] [INFO ] o.s.w.c.s.GenericWebApplicationContext - Refreshing org.springframework.web.context.support.GenericWebApplicationContext@3148f668: startup date [Thu Feb 20 13:22:02 CST 2020]; root of context hierarchy
[traceId:,span_id:] 2020-02-20 13:22:07.168 [main] [INFO ] o.s.c.s.PostProcessorRegistrationDelegate$BeanPostProcessorChecker - Bean 'org.springframework.transaction.annotation.ProxyTransactionManagementConfiguration' of type [org.springframework.transaction.annotation.ProxyTransactionManagementConfiguration$$EnhancerBySpringCGLIB$$96578b9] is not eligible for getting processed by all BeanPostProcessors (for example: not eligible for auto-proxying)
[traceId:,span_id:] 2020-02-20 13:22:08.472 [main] [INFO ] o.s.w.s.m.m.a.RequestMappingHandlerMapping - Mapped "{[/swagger-resources/configuration/ui]}" onto public org.springframework.http.ResponseEntity<springfox.documentation.swagger.web.UiConfiguration> springfox.documentation.swagger.web.ApiResourceController.uiConfiguration()
[traceId:,span_id:] 2020-02-20 13:22:08.473 [main] [INFO ] o.s.w.s.m.m.a.RequestMappingHandlerMapping - Mapped "{[/swagger-resources/configuration/security]}" onto public org.springframework.http.ResponseEntity<springfox.documentation.swagger.web.SecurityConfiguration> springfox.documentation.swagger.web.ApiResourceController.securityConfiguration()
[traceId:,span_id:] 2020-02-20 13:22:08.475 [main] [INFO ] o.s.w.s.m.m.a.RequestMappingHandlerMapping - Mapped "{[/swagger-resources]}" onto public org.springframework.http.ResponseEntity<java.util.List<springfox.documentation.swagger.web.SwaggerResource>> springfox.documentation.swagger.web.ApiResourceController.swaggerResources()
[traceId:,span_id:] 2020-02-20 13:22:08.483 [main] [INFO ] o.s.w.s.m.m.a.RequestMappingHandlerMapping - Mapped "{[/error]}" onto public org.springframework.http.ResponseEntity<java.util.Map<java.lang.String, java.lang.Object>> org.springframework.boot.autoconfigure.web.servlet.error.BasicErrorController.error(javax.servlet.http.HttpServletRequest)
[traceId:,span_id:] 2020-02-20 13:22:08.485 [main] [INFO ] o.s.w.s.m.m.a.RequestMappingHandlerMapping - Mapped "{[/error],produces=[text/html]}" onto public org.springframework.web.servlet.ModelAndView org.springframework.boot.autoconfigure.web.servlet.error.BasicErrorController.errorHtml(javax.servlet.http.HttpServletRequest,javax.servlet.http.HttpServletResponse)
[traceId:,span_id:] 2020-02-20 13:22:08.848 [main] [INFO ] s.d.s.w.PropertySourcedRequestMappingHandlerMapping - Mapped URL path [/v2/api-docs] onto method [public org.springframework.http.ResponseEntity<springfox.documentation.spring.web.json.Json> springfox.documentation.swagger2.web.Swagger2Controller.getDocumentation(java.lang.String,javax.servlet.http.HttpServletRequest)]
[traceId:,span_id:] 2020-02-20 13:22:08.978 [main] [INFO ] c.a.d.s.b.a.DruidDataSourceAutoConfigure - Init DruidDataSource
[traceId:,span_id:] 2020-02-20 13:22:12.744 [main] [INFO ] c.alibaba.druid.pool.DruidDataSource - {dataSource-1} inited
[traceId:,span_id:] 2020-02-20 13:22:14.215 [main] [INFO ] o.s.w.s.h.SimpleUrlHandlerMapping - Mapped URL path [/**/favicon.ico] onto handler of type [class org.springframework.web.servlet.resource.ResourceHttpRequestHandler]
[traceId:,span_id:] 2020-02-20 13:22:14.646 [main] [INFO ] o.s.w.s.m.m.a.RequestMappingHandlerAdapter - Looking for @ControllerAdvice: org.springframework.web.context.support.GenericWebApplicationContext@3148f668: startup date [Thu Feb 20 13:22:02 CST 2020]; root of context hierarchy
[traceId:,span_id:] 2020-02-20 13:22:14.849 [main] [INFO ] o.s.w.s.h.SimpleUrlHandlerMapping - Mapped URL path [/webjars/**] onto handler of type [class org.springframework.web.servlet.resource.ResourceHttpRequestHandler]
[traceId:,span_id:] 2020-02-20 13:22:14.854 [main] [INFO ] o.s.w.s.h.SimpleUrlHandlerMapping - Mapped URL path [/**] onto handler of type [class org.springframework.web.servlet.resource.ResourceHttpRequestHandler]
[traceId:,span_id:] 2020-02-20 13:22:15.856 [main] [INFO ] i.s.client.AbstractJestClient - Setting server pool to a list of 3 servers: [http://192.168.0.26:9200,http://192.168.0.27:9200,http://192.168.0.28:9200]
[traceId:,span_id:] 2020-02-20 13:22:15.860 [main] [INFO ] i.searchbox.client.JestClientFactory - Using multi thread/connection supporting pooling connection manager
[traceId:,span_id:] 2020-02-20 13:22:16.161 [main] [INFO ] i.searchbox.client.JestClientFactory - Using custom GSON instance
[traceId:,span_id:] 2020-02-20 13:22:16.162 [main] [INFO ] i.searchbox.client.JestClientFactory - Node Discovery disabled...
[traceId:,span_id:] 2020-02-20 13:22:16.163 [main] [INFO ] i.searchbox.client.JestClientFactory - Idle connection reaping disabled...
[traceId:,span_id:] 2020-02-20 13:22:16.510 [main] [INFO ] o.s.c.s.DefaultLifecycleProcessor - Starting beans in phase 2147483647
[traceId:,span_id:] 2020-02-20 13:22:16.510 [main] [INFO ] s.d.s.w.p.DocumentationPluginsBootstrapper - Context refreshed
[traceId:,span_id:] 2020-02-20 13:22:16.566 [main] [INFO ] s.d.s.w.p.DocumentationPluginsBootstrapper - Found 1 custom documentation plugin(s)
[traceId:,span_id:] 2020-02-20 13:22:16.655 [main] [INFO ] s.d.s.w.s.ApiListingReferenceScanner - Scanning for api listing references
[traceId:,span_id:] 2020-02-20 13:22:16.698 [main] [INFO ] com.drcnet.mc.bigdata.bmap.POITest - Started POITest in 16.095 seconds (JVM running for 20.249)
[traceId:,span_id:] 2020-02-20 13:22:17.161 [main] [DEBUG] c.d.m.b.b.d.D.selectAll - ==>  Preparing: select * from spider_2_ggzy_content limit 10 
[traceId:,span_id:] 2020-02-20 13:22:17.220 [main] [DEBUG] c.d.m.b.b.d.D.selectAll - ==> Parameters: 
[traceId:,span_id:] 2020-02-20 13:22:19.761 [main] [DEBUG] c.d.m.b.b.d.D.selectAll - <==      Total: 10
[traceId:,span_id:] 2020-02-20 13:22:19.782 [Thread-2] [INFO ] o.s.w.c.s.GenericWebApplicationContext - Closing org.springframework.web.context.support.GenericWebApplicationContext@3148f668: startup date [Thu Feb 20 13:22:02 CST 2020]; root of context hierarchy
[traceId:,span_id:] 2020-02-20 13:22:19.797 [Thread-2] [INFO ] o.s.c.s.DefaultLifecycleProcessor - Stopping beans in phase 2147483647
[traceId:,span_id:] 2020-02-20 13:22:19.811 [Thread-2] [INFO ] c.alibaba.druid.pool.DruidDataSource - {dataSource-1} closed
[traceId:,span_id:] 2020-02-20 15:14:17.308 [main] [INFO ] com.drcnet.mc.bigdata.bmap.POITest - Starting POITest on tengchaos-MacBook-Pro.local with PID 80055 (started by tengchao in /Users/tengchao/workspace/ideaProject/git/dataClean)
[traceId:,span_id:] 2020-02-20 15:14:17.312 [main] [DEBUG] com.drcnet.mc.bigdata.bmap.POITest - Running with Spring Boot v2.0.8.RELEASE, Spring v5.0.12.RELEASE
[traceId:,span_id:] 2020-02-20 15:14:17.317 [main] [INFO ] com.drcnet.mc.bigdata.bmap.POITest - No active profile set, falling back to default profiles: default
[traceId:,span_id:] 2020-02-20 15:14:17.463 [main] [INFO ] o.s.w.c.s.GenericWebApplicationContext - Refreshing org.springframework.web.context.support.GenericWebApplicationContext@3148f668: startup date [Thu Feb 20 15:14:17 CST 2020]; root of context hierarchy
[traceId:,span_id:] 2020-02-20 15:14:21.979 [main] [INFO ] o.s.c.s.PostProcessorRegistrationDelegate$BeanPostProcessorChecker - Bean 'org.springframework.transaction.annotation.ProxyTransactionManagementConfiguration' of type [org.springframework.transaction.annotation.ProxyTransactionManagementConfiguration$$EnhancerBySpringCGLIB$$719ad527] is not eligible for getting processed by all BeanPostProcessors (for example: not eligible for auto-proxying)
[traceId:,span_id:] 2020-02-20 15:14:23.347 [main] [INFO ] o.s.w.s.m.m.a.RequestMappingHandlerMapping - Mapped "{[/swagger-resources/configuration/ui]}" onto public org.springframework.http.ResponseEntity<springfox.documentation.swagger.web.UiConfiguration> springfox.documentation.swagger.web.ApiResourceController.uiConfiguration()
[traceId:,span_id:] 2020-02-20 15:14:23.349 [main] [INFO ] o.s.w.s.m.m.a.RequestMappingHandlerMapping - Mapped "{[/swagger-resources/configuration/security]}" onto public org.springframework.http.ResponseEntity<springfox.documentation.swagger.web.SecurityConfiguration> springfox.documentation.swagger.web.ApiResourceController.securityConfiguration()
[traceId:,span_id:] 2020-02-20 15:14:23.350 [main] [INFO ] o.s.w.s.m.m.a.RequestMappingHandlerMapping - Mapped "{[/swagger-resources]}" onto public org.springframework.http.ResponseEntity<java.util.List<springfox.documentation.swagger.web.SwaggerResource>> springfox.documentation.swagger.web.ApiResourceController.swaggerResources()
[traceId:,span_id:] 2020-02-20 15:14:23.367 [main] [INFO ] o.s.w.s.m.m.a.RequestMappingHandlerMapping - Mapped "{[/error]}" onto public org.springframework.http.ResponseEntity<java.util.Map<java.lang.String, java.lang.Object>> org.springframework.boot.autoconfigure.web.servlet.error.BasicErrorController.error(javax.servlet.http.HttpServletRequest)
[traceId:,span_id:] 2020-02-20 15:14:23.369 [main] [INFO ] o.s.w.s.m.m.a.RequestMappingHandlerMapping - Mapped "{[/error],produces=[text/html]}" onto public org.springframework.web.servlet.ModelAndView org.springframework.boot.autoconfigure.web.servlet.error.BasicErrorController.errorHtml(javax.servlet.http.HttpServletRequest,javax.servlet.http.HttpServletResponse)
[traceId:,span_id:] 2020-02-20 15:14:23.765 [main] [INFO ] s.d.s.w.PropertySourcedRequestMappingHandlerMapping - Mapped URL path [/v2/api-docs] onto method [public org.springframework.http.ResponseEntity<springfox.documentation.spring.web.json.Json> springfox.documentation.swagger2.web.Swagger2Controller.getDocumentation(java.lang.String,javax.servlet.http.HttpServletRequest)]
[traceId:,span_id:] 2020-02-20 15:14:23.957 [main] [INFO ] c.a.d.s.b.a.DruidDataSourceAutoConfigure - Init DruidDataSource
[traceId:,span_id:] 2020-02-20 15:14:27.717 [main] [INFO ] c.alibaba.druid.pool.DruidDataSource - {dataSource-1} inited
[traceId:,span_id:] 2020-02-20 15:14:29.169 [main] [INFO ] o.s.w.s.h.SimpleUrlHandlerMapping - Mapped URL path [/**/favicon.ico] onto handler of type [class org.springframework.web.servlet.resource.ResourceHttpRequestHandler]
[traceId:,span_id:] 2020-02-20 15:14:29.573 [main] [INFO ] o.s.w.s.m.m.a.RequestMappingHandlerAdapter - Looking for @ControllerAdvice: org.springframework.web.context.support.GenericWebApplicationContext@3148f668: startup date [Thu Feb 20 15:14:17 CST 2020]; root of context hierarchy
[traceId:,span_id:] 2020-02-20 15:14:29.744 [main] [INFO ] o.s.w.s.h.SimpleUrlHandlerMapping - Mapped URL path [/webjars/**] onto handler of type [class org.springframework.web.servlet.resource.ResourceHttpRequestHandler]
[traceId:,span_id:] 2020-02-20 15:14:29.745 [main] [INFO ] o.s.w.s.h.SimpleUrlHandlerMapping - Mapped URL path [/**] onto handler of type [class org.springframework.web.servlet.resource.ResourceHttpRequestHandler]
[traceId:,span_id:] 2020-02-20 15:14:31.182 [main] [INFO ] i.s.client.AbstractJestClient - Setting server pool to a list of 3 servers: [http://192.168.0.26:9200,http://192.168.0.27:9200,http://192.168.0.28:9200]
[traceId:,span_id:] 2020-02-20 15:14:31.185 [main] [INFO ] i.searchbox.client.JestClientFactory - Using multi thread/connection supporting pooling connection manager
[traceId:,span_id:] 2020-02-20 15:14:31.550 [main] [INFO ] i.searchbox.client.JestClientFactory - Using custom GSON instance
[traceId:,span_id:] 2020-02-20 15:14:31.550 [main] [INFO ] i.searchbox.client.JestClientFactory - Node Discovery disabled...
[traceId:,span_id:] 2020-02-20 15:14:31.550 [main] [INFO ] i.searchbox.client.JestClientFactory - Idle connection reaping disabled...
[traceId:,span_id:] 2020-02-20 15:14:31.926 [main] [INFO ] o.s.c.s.DefaultLifecycleProcessor - Starting beans in phase 2147483647
[traceId:,span_id:] 2020-02-20 15:14:31.927 [main] [INFO ] s.d.s.w.p.DocumentationPluginsBootstrapper - Context refreshed
[traceId:,span_id:] 2020-02-20 15:14:31.989 [main] [INFO ] s.d.s.w.p.DocumentationPluginsBootstrapper - Found 1 custom documentation plugin(s)
[traceId:,span_id:] 2020-02-20 15:14:32.093 [main] [INFO ] s.d.s.w.s.ApiListingReferenceScanner - Scanning for api listing references
[traceId:,span_id:] 2020-02-20 15:14:32.188 [main] [INFO ] com.drcnet.mc.bigdata.bmap.POITest - Started POITest in 17.136 seconds (JVM running for 20.583)
[traceId:,span_id:] 2020-02-20 15:14:32.673 [main] [DEBUG] c.d.m.b.b.d.D.selectAll - ==>  Preparing: select * from spider_2_ggzy_content limit 10 
[traceId:,span_id:] 2020-02-20 15:14:32.734 [main] [DEBUG] c.d.m.b.b.d.D.selectAll - ==> Parameters: 
[traceId:,span_id:] 2020-02-20 15:14:35.760 [main] [DEBUG] c.d.m.b.b.d.D.selectAll - <==      Total: 10
[traceId:,span_id:] 2020-02-20 15:14:35.777 [Thread-2] [INFO ] o.s.w.c.s.GenericWebApplicationContext - Closing org.springframework.web.context.support.GenericWebApplicationContext@3148f668: startup date [Thu Feb 20 15:14:17 CST 2020]; root of context hierarchy
[traceId:,span_id:] 2020-02-20 15:14:35.781 [Thread-2] [INFO ] o.s.c.s.DefaultLifecycleProcessor - Stopping beans in phase 2147483647
[traceId:,span_id:] 2020-02-20 15:14:35.795 [Thread-2] [INFO ] c.alibaba.druid.pool.DruidDataSource - {dataSource-1} closed
